<?xml version="1.0" encoding="UTF-8"?>
<!-- Generated by org.testng.reporters.JUnitReportReporter -->
<testsuite skipped="0" hostname="Nasar-MacBook-Air.local" name="Appium_Andriod_Automation.Checkout_Test" tests="2" failures="0" timestamp="2022-06-13T18:50:33 IST" time="11.557" errors="0">
  <testcase name="verify_remove_product" time="10.744" classname="Appium_Andriod_Automation.Checkout_Test"/>
  <system-out/>
  <testcase name="verify_checkbox" time="0.813" classname="Appium_Andriod_Automation.Checkout_Test"/>
  <system-out/>
</testsuite> <!-- Appium_Andriod_Automation.Checkout_Test -->
