<?xml version="1.0" encoding="UTF-8"?>
<!-- Generated by org.testng.reporters.JUnitReportReporter -->
<testsuite skipped="0" hostname="Nasar-MacBook-Air.local" name="Appium_Andriod_Automation.Product_List_Page_Test" tests="2" failures="0" timestamp="2022-06-13T18:50:33 IST" time="31.675" errors="0">
  <testcase name="verify_add_to_cart" time="9.876" classname="Appium_Andriod_Automation.Product_List_Page_Test"/>
  <system-out/>
  <testcase name="verify_scroll_down" time="21.799" classname="Appium_Andriod_Automation.Product_List_Page_Test"/>
  <system-out/>
</testsuite> <!-- Appium_Andriod_Automation.Product_List_Page_Test -->
